[debug] [2022-05-20T02:41:50.233Z] ----------------------------------------------------------------------
[debug] [2022-05-20T02:41:50.238Z] Command:       /usr/local/bin/firebase /home/f/.cache/firebase/tools/lib/node_modules/firebase-tools/lib/bin/firebase init hosting
[debug] [2022-05-20T02:41:50.238Z] CLI Version:   11.0.0
[debug] [2022-05-20T02:41:50.239Z] Platform:      linux
[debug] [2022-05-20T02:41:50.239Z] Node Version:  v16.15.0
[debug] [2022-05-20T02:41:50.240Z] Time:          Fri May 20 2022 04:41:50 GMT+0200 (Central European Summer Time)
[debug] [2022-05-20T02:41:50.240Z] ----------------------------------------------------------------------
[debug] 
[debug] [2022-05-20T02:41:50.253Z] > command requires scopes: ["email","openid","https://www.googleapis.com/auth/cloudplatformprojects.readonly","https://www.googleapis.com/auth/firebase","https://www.googleapis.com/auth/cloud-platform"]
[debug] [2022-05-20T02:41:50.253Z] > authorizing via signed-in user (upsiflu@gmail.com)
[info] 
     ######## #### ########  ######## ########     ###     ######  ########
     ##        ##  ##     ## ##       ##     ##  ##   ##  ##       ##
     ######    ##  ########  ######   ########  #########  ######  ######
     ##        ##  ##    ##  ##       ##     ## ##     ##       ## ##
     ##       #### ##     ## ######## ########  ##     ##  ######  ########

You're about to initialize a Firebase project in this directory:

  /home/f/matsite

[info] 
=== Project Setup
[info] 
[info] First, let's associate this project directory with a Firebase project.
[info] You can create multiple project aliases by running firebase use --add, 
[info] but for now we'll just set up a default project.
[info] 
[debug] [2022-05-20T02:42:00.778Z] >>> [apiv2][query] GET https://firebase.googleapis.com/v1beta1/projects pageSize=100
[debug] [2022-05-20T02:42:01.327Z] <<< [apiv2][status] GET https://firebase.googleapis.com/v1beta1/projects 200
[debug] [2022-05-20T02:42:01.327Z] <<< [apiv2][body] GET https://firebase.googleapis.com/v1beta1/projects [omitted]
[info] i  Using project matsite-1245a (matsite) 
[info] 
=== Hosting Setup
[info] 
[info] Your public directory is the folder (relative to your project directory) that
[info] will contain Hosting assets to be uploaded with firebase deploy. If you
[info] have a build process for your assets, use your build's output directory.
[info] 
